Using pre-set license
Built from '2021.1/staging' branch; Version is '2021.1.6f1 (c0fade0cc7e9) revision 12647134'; Using compiler version '192528614'; Build Type 'Release'
OS: 'Windows 10 Home; OS build 19042.985; Version 2009; 64bit' Language: 'pt' Physical Memory: 8112 MB
BatchMode: 1, IsHumanControllingUs: 0, StartBugReporterOnCrash: 0, Is64bit: 1, IsPro: 0

 COMMAND LINE ARGUMENTS:
C:\Users\nephi\Desktop\Unity\2021.1.6f1\Editor\Unity.exe
-adb2
-batchMode
-noUpm
-name
AssetImportWorker0
-projectPath
C:/Users/nephi/New Unity Project/Tomoyose
-logFile
Logs/AssetImportWorker0.log
-srvPort
9123
Successfully changed project path to: C:/Users/nephi/New Unity Project/Tomoyose
C:/Users/nephi/New Unity Project/Tomoyose
Using Asset Import Pipeline V2.
Refreshing native plugins compatible for Editor in 261.83 ms, found 2 plugins.
Preloading 0 native plugins for Editor in 0.00 ms.
Initialize engine version: 2021.1.6f1 (c0fade0cc7e9)
[Subsystems] Discovering subsystems at path C:/Users/nephi/Desktop/Unity/2021.1.6f1/Editor/Data/Resources/UnitySubsystems
[Subsystems] Discovering subsystems at path C:/Users/nephi/New Unity Project/Tomoyose/Assets
GfxDevice: creating device client; threaded=0; jobified=0
Direct3D:
    Version:  Direct3D 11.0 [level 11.1]
    Renderer: NVIDIA GeForce GTX 1050 (ID=0x1c91)
    Vendor:   NVIDIA
    VRAM:     2996 MB
    Driver:   27.21.14.5167
Initialize mono
Mono path[0] = 'C:/Users/nephi/Desktop/Unity/2021.1.6f1/Editor/Data/Managed'
Mono path[1] = 'C:/Users/nephi/Desktop/Unity/2021.1.6f1/Editor/Data/MonoBleedingEdge/lib/mono/unityjit'
Mono config path = 'C:/Users/nephi/Desktop/Unity/2021.1.6f1/Editor/Data/MonoBleedingEdge/etc'
Using monoOptions --debugger-agent=transport=dt_socket,embedding=1,server=y,suspend=n,address=127.0.0.1:56708
Begin MonoManager ReloadAssembly
Registering precompiled unity dll's ...
Register platform support module: C:/Users/nephi/Desktop/Unity/2021.1.6f1/Editor/Data/PlaybackEngines/WindowsStandaloneSupport/UnityEditor.WindowsStandalone.Extensions.dll
Registered in 0.006605 seconds.
Native extension for WindowsStandalone target not found
Refreshing native plugins compatible for Editor in 199.35 ms, found 2 plugins.
Preloading 0 native plugins for Editor in 0.00 ms.
Mono: successfully reloaded assembly
- Completed reload, in  3.546 seconds
Platform modules already initialized, skipping
Registering precompiled user dll's ...
Registered in 0.016189 seconds.
Begin MonoManager ReloadAssembly
Native extension for WindowsStandalone target not found
Refreshing native plugins compatible for Editor in 232.78 ms, found 2 plugins.
Preloading 0 native plugins for Editor in 0.00 ms.
Mono: successfully reloaded assembly
- Completed reload, in  3.474 seconds
Platform modules already initialized, skipping
========================================================================
Worker process is ready to serve import requests
Launched and connected shader compiler UnityShaderCompiler.exe after 0.17 seconds
Refreshing native plugins compatible for Editor in 1.43 ms, found 2 plugins.
Preloading 0 native plugins for Editor in 0.00 ms.
Unloading 3392 Unused Serialized files (Serialized files now loaded: 0)
System memory in use before: 128.5 MB.
System memory in use after: 128.5 MB.

Unloading 29 unused Assets to reduce memory usage. Loaded Objects now: 3846.
Total: 9.695100 ms (FindLiveObjects: 0.735000 ms CreateObjectMapping: 0.562900 ms MarkObjects: 8.028700 ms  DeleteObjects: 0.365100 ms)

========================================================================
Received Import Request.
  path: Assets/Scenes/Jogo.unity
  artifactKey: Guid(f966286201beca44f89db6c6256118da) Importer(815301076,1909f56bfc062723c751e8b465ee728b)
Start importing Assets/Scenes/Jogo.unity using Guid(f966286201beca44f89db6c6256118da) Importer(815301076,1909f56bfc062723c751e8b465ee728b)  -> (artifact id: 'd27d1075a6340f6c81d4d0ff9c81e3eb') in 0.061519 seconds 
AssetImportWorkerClient::OnTransportError - code=2 error=End of file
